<?xml version="1.0" encoding="UTF-8" ?>
<testsuites name="vitest tests" tests="252" failures="3" errors="0" time="2.5621099">
    <testsuite name="src/test/compression-quality.test.ts" timestamp="2026-05-14T17:25:02.542Z" hostname="eduardo" tests="145" failures="0" errors="0" skipped="0" time="2.0473549">
        <testcase classname="src/test/compression-quality.test.ts" name="compression quality &gt; has at least one PDF fixture" time="0.0036613">
        </testcase>
        <testcase classname="src/test/compression-quality.test.ts" name="compression quality &gt; compression size report &gt; prints a summary table of all compression results" time="0.004626">
            <system-out>
┌─────────┬────────────────────────────────────────────┬───────────┬───────────┬────────────┬──────────┬───────────┐
│ (index) │ fixture                                    │ preset    │ original  │ compressed │ saved    │ savings % │
├─────────┼────────────────────────────────────────────┼───────────┼───────────┼────────────┼──────────┼───────────┤
│ 0       │ [32m&apos;extract-images/dct-flate-wrapper.pdf&apos;[39m     │ [32m&apos;default&apos;[39m │ [32m&apos;699 B&apos;[39m   │ [32m&apos;854 B&apos;[39m    │ [32m&apos;-155 B&apos;[39m │ [32m&apos;-22.2%&apos;[39m  │
│ 1       │ [32m&apos;extract-images/dct-flate-wrapper.pdf&apos;[39m     │ [32m&apos;web&apos;[39m     │ [32m&apos;699 B&apos;[39m   │ [32m&apos;1.6 KB&apos;[39m   │ [32m&apos;-891 B&apos;[39m │ [32m&apos;-127.5%&apos;[39m │
│ 2       │ [32m&apos;extract-images/dct-flate-wrapper.pdf&apos;[39m     │ [32m&apos;archive&apos;[39m │ [32m&apos;699 B&apos;[39m   │ [32m&apos;854 B&apos;[39m    │ [32m&apos;-155 B&apos;[39m │ [32m&apos;-22.2%&apos;[39m  │
│ 3       │ [32m&apos;extract-images/dct-plain.pdf&apos;[39m             │ [32m&apos;default&apos;[39m │ [32m&apos;676 B&apos;[39m   │ [32m&apos;829 B&apos;[39m    │ [32m&apos;-153 B&apos;[39m │ [32m&apos;-22.6%&apos;[39m  │
│ 4       │ [32m&apos;extract-images/dct-plain.pdf&apos;[39m             │ [32m&apos;web&apos;[39m     │ [32m&apos;676 B&apos;[39m   │ [32m&apos;1.5 KB&apos;[39m   │ [32m&apos;-889 B&apos;[39m │ [32m&apos;-131.5%&apos;[39m │
│ 5       │ [32m&apos;extract-images/dct-plain.pdf&apos;[39m             │ [32m&apos;archive&apos;[39m │ [32m&apos;676 B&apos;[39m   │ [32m&apos;829 B&apos;[39m    │ [32m&apos;-153 B&apos;[39m │ [32m&apos;-22.6%&apos;[39m  │
│ 6       │ [32m&apos;extract-images/dct-runlength-wrapper.pdf&apos;[39m │ [32m&apos;default&apos;[39m │ [32m&apos;697 B&apos;[39m   │ [32m&apos;852 B&apos;[39m    │ [32m&apos;-155 B&apos;[39m │ [32m&apos;-22.2%&apos;[39m  │
│ 7       │ [32m&apos;extract-images/dct-runlength-wrapper.pdf&apos;[39m │ [32m&apos;web&apos;[39m     │ [32m&apos;697 B&apos;[39m   │ [32m&apos;1.6 KB&apos;[39m   │ [32m&apos;-891 B&apos;[39m │ [32m&apos;-127.8%&apos;[39m │
│ 8       │ [32m&apos;extract-images/dct-runlength-wrapper.pdf&apos;[39m │ [32m&apos;archive&apos;[39m │ [32m&apos;697 B&apos;[39m   │ [32m&apos;852 B&apos;[39m    │ [32m&apos;-155 B&apos;[39m │ [32m&apos;-22.2%&apos;[39m  │
│ 9       │ [32m&apos;upstream/pdfjs/asciihexdecode.pdf&apos;[39m        │ [32m&apos;default&apos;[39m │ [32m&apos;743 B&apos;[39m   │ [32m&apos;709 B&apos;[39m    │ [32m&apos;34 B&apos;[39m   │ [32m&apos;+4.6%&apos;[39m   │
│ 10      │ [32m&apos;upstream/pdfjs/asciihexdecode.pdf&apos;[39m        │ [32m&apos;web&apos;[39m     │ [32m&apos;743 B&apos;[39m   │ [32m&apos;1.4 KB&apos;[39m   │ [32m&apos;-727 B&apos;[39m │ [32m&apos;-97.8%&apos;[39m  │
│ 11      │ [32m&apos;upstream/pdfjs/asciihexdecode.pdf&apos;[39m        │ [32m&apos;archive&apos;[39m │ [32m&apos;743 B&apos;[39m   │ [32m&apos;709 B&apos;[39m    │ [32m&apos;34 B&apos;[39m   │ [32m&apos;+4.6%&apos;[39m   │
│ 12      │ [32m&apos;upstream/pypdf/imagemagick-images.pdf&apos;[39m    │ [32m&apos;default&apos;[39m │ [32m&apos;15.6 KB&apos;[39m │ [32m&apos;9.0 KB&apos;[39m   │ [32m&apos;6.7 KB&apos;[39m │ [32m&apos;+42.6%&apos;[39m  │
│ 13      │ [32m&apos;upstream/pypdf/imagemagick-images.pdf&apos;[39m    │ [32m&apos;web&apos;[39m     │ [32m&apos;15.6 KB&apos;[39m │ [32m&apos;10.9 KB&apos;[39m  │ [32m&apos;4.7 KB&apos;[39m │ [32m&apos;+30.1%&apos;[39m  │
│ 14      │ [32m&apos;upstream/pypdf/imagemagick-images.pdf&apos;[39m    │ [32m&apos;archive&apos;[39m │ [32m&apos;15.6 KB&apos;[39m │ [32m&apos;9.0 KB&apos;[39m   │ [32m&apos;6.7 KB&apos;[39m │ [32m&apos;+42.6%&apos;[39m  │
└─────────┴────────────────────────────────────────────┴───────────┴───────────┴────────────┴──────────┴───────────┘

            </system-out>
        </testcase>
        <testcase classname="src/test/compression-quality.test.ts" name="compression quality &gt; compression size report &gt; &apos;extract-images/dct-flate-wrapper.pdf&apos; (&apos;default&apos;): 699 B → 854 B (-22.2 %)" time="0.0009483">
        </testcase>
        <testcase classname="src/test/compression-quality.test.ts" name="compression quality &gt; compression size report &gt; &apos;extract-images/dct-flate-wrapper.pdf&apos; (&apos;web&apos;): 699 B → 1590 B (-127.5 %)" time="0.0004772">
        </testcase>
        <testcase classname="src/test/compression-quality.test.ts" name="compression quality &gt; compression size report &gt; &apos;extract-images/dct-flate-wrapper.pdf&apos; (&apos;archive&apos;): 699 B → 854 B (-22.2 %)" time="0.0003644">
        </testcase>
        <testcase classname="src/test/compression-quality.test.ts" name="compression quality &gt; compression size report &gt; &apos;extract-images/dct-plain.pdf&apos; (&apos;default&apos;): 676 B → 829 B (-22.6 %)" time="0.0003417">
        </testcase>
        <testcase classname="src/test/compression-quality.test.ts" name="compression quality &gt; compression size report &gt; &apos;extract-images/dct-plain.pdf&apos; (&apos;web&apos;): 676 B → 1565 B (-131.5 %)" time="0.000346">
        </testcase>
        <testcase classname="src/test/compression-quality.test.ts" name="compression quality &gt; compression size report &gt; &apos;extract-images/dct-plain.pdf&apos; (&apos;archive&apos;): 676 B → 829 B (-22.6 %)" time="0.000236">
        </testcase>
        <testcase classname="src/test/compression-quality.test.ts" name="compression quality &gt; compression size report &gt; &apos;extract-images/dct-runlength-wrapper.…&apos; (&apos;default&apos;): 697 B → 852 B (-22.2 %)" time="0.0003297">
        </testcase>
        <testcase classname="src/test/compression-quality.test.ts" name="compression quality &gt; compression size report &gt; &apos;extract-images/dct-runlength-wrapper.…&apos; (&apos;web&apos;): 697 B → 1588 B (-127.8 %)" time="0.0006224">
        </testcase>
        <testcase classname="src/test/compression-quality.test.ts" name="compression quality &gt; compression size report &gt; &apos;extract-images/dct-runlength-wrapper.…&apos; (&apos;archive&apos;): 697 B → 852 B (-22.2 %)" time="0.0005294">
        </testcase>
        <testcase classname="src/test/compression-quality.test.ts" name="compression quality &gt; compression size report &gt; &apos;upstream/pdfjs/asciihexdecode.pdf&apos; (&apos;default&apos;): 743 B → 709 B (4.6 %)" time="0.0009648">
        </testcase>
        <testcase classname="src/test/compression-quality.test.ts" name="compression quality &gt; compression size report &gt; &apos;upstream/pdfjs/asciihexdecode.pdf&apos; (&apos;web&apos;): 743 B → 1470 B (-97.8 %)" time="0.0004646">
        </testcase>
        <testcase classname="src/test/compression-quality.test.ts" name="compression quality &gt; compression size report &gt; &apos;upstream/pdfjs/asciihexdecode.pdf&apos; (&apos;archive&apos;): 743 B → 709 B (4.6 %)" time="0.00023">
        </testcase>
        <testcase classname="src/test/compression-quality.test.ts" name="compression quality &gt; compression size report &gt; &apos;upstream/pypdf/imagemagick-images.pdf&apos; (&apos;default&apos;): 16012 B → 9198 B (42.6 %)" time="0.0002063">
        </testcase>
        <testcase classname="src/test/compression-quality.test.ts" name="compression quality &gt; compression size report &gt; &apos;upstream/pypdf/imagemagick-images.pdf&apos; (&apos;web&apos;): 16012 B → 11196 B (30.1 %)" time="0.0002742">
        </testcase>
        <testcase classname="src/test/compression-quality.test.ts" name="compression quality &gt; compression size report &gt; &apos;upstream/pypdf/imagemagick-images.pdf&apos; (&apos;archive&apos;): 16012 B → 9198 B (42.6 %)" time="0.0001542">
        </testcase>
        <testcase classname="src/test/compression-quality.test.ts" name="compression quality &gt; preset &quot;default&quot; — output validity &gt; produces a valid non-empty PDF for &apos;extract-images/dct-ascii85-wrapper.pdf&apos;" time="0.020941">
            <system-err>
Aborted(undefined)

            </system-err>
        </testcase>
        <testcase classname="src/test/compression-quality.test.ts" name="compression quality &gt; preset &quot;default&quot; — output validity &gt; produces a valid non-empty PDF for &apos;extract-images/dct-flate-wrapper.pdf&apos;" time="0.0301773">
        </testcase>
        <testcase classname="src/test/compression-quality.test.ts" name="compression quality &gt; preset &quot;default&quot; — output validity &gt; produces a valid non-empty PDF for &apos;extract-images/dct-plain.pdf&apos;" time="0.0172959">
        </testcase>
        <testcase classname="src/test/compression-quality.test.ts" name="compression quality &gt; preset &quot;default&quot; — output validity &gt; produces a valid non-empty PDF for &apos;extract-images/dct-runlength-wrapper.…&apos;" time="0.0173399">
        </testcase>
        <testcase classname="src/test/compression-quality.test.ts" name="compression quality &gt; preset &quot;default&quot; — output validity &gt; produces a valid non-empty PDF for &apos;upstream/pdfium/rectangles.pdf&apos;" time="0.0208934">
            <system-err>
Aborted(undefined)

            </system-err>
        </testcase>
        <testcase classname="src/test/compression-quality.test.ts" name="compression quality &gt; preset &quot;default&quot; — output validity &gt; produces a valid non-empty PDF for &apos;upstream/pdfjs/asciihexdecode.pdf&apos;" time="0.0129452">
        </testcase>
        <testcase classname="src/test/compression-quality.test.ts" name="compression quality &gt; preset &quot;default&quot; — output validity &gt; produces a valid non-empty PDF for &apos;upstream/pypdf/imagemagick-images.pdf&apos;" time="0.021228">
        </testcase>
        <testcase classname="src/test/compression-quality.test.ts" name="compression quality &gt; preset &quot;default&quot; — output validity &gt; produces a valid non-empty PDF for &apos;upstream/qpdf/filter-on-write.pdf&apos;" time="0.0183462">
            <system-err>
Aborted(undefined)

            </system-err>
        </testcase>
        <testcase classname="src/test/compression-quality.test.ts" name="compression quality &gt; preset &quot;web&quot; — output validity &gt; produces a valid non-empty PDF for &apos;extract-images/dct-ascii85-wrapper.pdf&apos;" time="0.012836">
            <system-err>
Aborted(undefined)

            </system-err>
        </testcase>
        <testcase classname="src/test/compression-quality.test.ts" name="compression quality &gt; preset &quot;web&quot; — output validity &gt; produces a valid non-empty PDF for &apos;extract-images/dct-flate-wrapper.pdf&apos;" time="0.0124369">
        </testcase>
        <testcase classname="src/test/compression-quality.test.ts" name="compression quality &gt; preset &quot;web&quot; — output validity &gt; produces a valid non-empty PDF for &apos;extract-images/dct-plain.pdf&apos;" time="0.0161394">
        </testcase>
        <testcase classname="src/test/compression-quality.test.ts" name="compression quality &gt; preset &quot;web&quot; — output validity &gt; produces a valid non-empty PDF for &apos;extract-images/dct-runlength-wrapper.…&apos;" time="0.0155494">
        </testcase>
        <testcase classname="src/test/compression-quality.test.ts" name="compression quality &gt; preset &quot;web&quot; — output validity &gt; produces a valid non-empty PDF for &apos;upstream/pdfium/rectangles.pdf&apos;" time="0.0112094">
            <system-err>
Aborted(undefined)

            </system-err>
        </testcase>
        <testcase classname="src/test/compression-quality.test.ts" name="compression quality &gt; preset &quot;web&quot; — output validity &gt; produces a valid non-empty PDF for &apos;upstream/pdfjs/asciihexdecode.pdf&apos;" time="0.0119075">
        </testcase>
        <testcase classname="src/test/compression-quality.test.ts" name="compression quality &gt; preset &quot;web&quot; — output validity &gt; produces a valid non-empty PDF for &apos;upstream/pypdf/imagemagick-images.pdf&apos;" time="0.026794">
        </testcase>
        <testcase classname="src/test/compression-quality.test.ts" name="compression quality &gt; preset &quot;web&quot; — output validity &gt; produces a valid non-empty PDF for &apos;upstream/qpdf/filter-on-write.pdf&apos;" time="0.0173241">
            <system-err>
Aborted(undefined)

            </system-err>
        </testcase>
        <testcase classname="src/test/compression-quality.test.ts" name="compression quality &gt; preset &quot;archive&quot; — output validity &gt; produces a valid non-empty PDF for &apos;extract-images/dct-ascii85-wrapper.pdf&apos;" time="0.0100221">
            <system-err>
Aborted(undefined)

            </system-err>
        </testcase>
        <testcase classname="src/test/compression-quality.test.ts" name="compression quality &gt; preset &quot;archive&quot; — output validity &gt; produces a valid non-empty PDF for &apos;extract-images/dct-flate-wrapper.pdf&apos;" time="0.0171596">
        </testcase>
        <testcase classname="src/test/compression-quality.test.ts" name="compression quality &gt; preset &quot;archive&quot; — output validity &gt; produces a valid non-empty PDF for &apos;extract-images/dct-plain.pdf&apos;" time="0.011479">
        </testcase>
        <testcase classname="src/test/compression-quality.test.ts" name="compression quality &gt; preset &quot;archive&quot; — output validity &gt; produces a valid non-empty PDF for &apos;extract-images/dct-runlength-wrapper.…&apos;" time="0.0109575">
        </testcase>
        <testcase classname="src/test/compression-quality.test.ts" name="compression quality &gt; preset &quot;archive&quot; — output validity &gt; produces a valid non-empty PDF for &apos;upstream/pdfium/rectangles.pdf&apos;" time="0.0133356">
            <system-err>
Aborted(undefined)

            </system-err>
        </testcase>
        <testcase classname="src/test/compression-quality.test.ts" name="compression quality &gt; preset &quot;archive&quot; — output validity &gt; produces a valid non-empty PDF for &apos;upstream/pdfjs/asciihexdecode.pdf&apos;" time="0.0111267">
        </testcase>
        <testcase classname="src/test/compression-quality.test.ts" name="compression quality &gt; preset &quot;archive&quot; — output validity &gt; produces a valid non-empty PDF for &apos;upstream/pypdf/imagemagick-images.pdf&apos;" time="0.0155351">
        </testcase>
        <testcase classname="src/test/compression-quality.test.ts" name="compression quality &gt; preset &quot;archive&quot; — output validity &gt; produces a valid non-empty PDF for &apos;upstream/qpdf/filter-on-write.pdf&apos;" time="0.0135934">
            <system-err>
Aborted(undefined)

            </system-err>
        </testcase>
        <testcase classname="src/test/compression-quality.test.ts" name="compression quality &gt; preset &quot;default&quot; — statistic consistency &gt; reports internally consistent statistics for &apos;extract-images/dct-ascii85-wrapper.pdf&apos;" time="0.0109274">
            <system-err>
Aborted(undefined)

            </system-err>
        </testcase>
        <testcase classname="src/test/compression-quality.test.ts" name="compression quality &gt; preset &quot;default&quot; — statistic consistency &gt; reports internally consistent statistics for &apos;extract-images/dct-flate-wrapper.pdf&apos;" time="0.0093436">
        </testcase>
        <testcase classname="src/test/compression-quality.test.ts" name="compression quality &gt; preset &quot;default&quot; — statistic consistency &gt; reports internally consistent statistics for &apos;extract-images/dct-plain.pdf&apos;" time="0.0482587">
        </testcase>
        <testcase classname="src/test/compression-quality.test.ts" name="compression quality &gt; preset &quot;default&quot; — statistic consistency &gt; reports internally consistent statistics for &apos;extract-images/dct-runlength-wrapper.…&apos;" time="0.0129535">
        </testcase>
        <testcase classname="src/test/compression-quality.test.ts" name="compression quality &gt; preset &quot;default&quot; — statistic consistency &gt; reports internally consistent statistics for &apos;upstream/pdfium/rectangles.pdf&apos;" time="0.0184167">
            <system-err>
Aborted(undefined)

            </system-err>
        </testcase>
        <testcase classname="src/test/compression-quality.test.ts" name="compression quality &gt; preset &quot;default&quot; — statistic consistency &gt; reports internally consistent statistics for &apos;upstream/pdfjs/asciihexdecode.pdf&apos;" time="0.0127252">
        </testcase>
        <testcase classname="src/test/compression-quality.test.ts" name="compression quality &gt; preset &quot;default&quot; — statistic consistency &gt; reports internally consistent statistics for &apos;upstream/pypdf/imagemagick-images.pdf&apos;" time="0.0236162">
        </testcase>
        <testcase classname="src/test/compression-quality.test.ts" name="compression quality &gt; preset &quot;default&quot; — statistic consistency &gt; reports internally consistent statistics for &apos;upstream/qpdf/filter-on-write.pdf&apos;" time="0.0283125">
            <system-err>
Aborted(undefined)

            </system-err>
        </testcase>
        <testcase classname="src/test/compression-quality.test.ts" name="compression quality &gt; preset &quot;web&quot; — statistic consistency &gt; reports internally consistent statistics for &apos;extract-images/dct-ascii85-wrapper.pdf&apos;" time="0.0130836">
            <system-err>
Aborted(undefined)

            </system-err>
        </testcase>
        <testcase classname="src/test/compression-quality.test.ts" name="compression quality &gt; preset &quot;web&quot; — statistic consistency &gt; reports internally consistent statistics for &apos;extract-images/dct-flate-wrapper.pdf&apos;" time="0.0274141">
        </testcase>
        <testcase classname="src/test/compression-quality.test.ts" name="compression quality &gt; preset &quot;web&quot; — statistic consistency &gt; reports internally consistent statistics for &apos;extract-images/dct-plain.pdf&apos;" time="0.0118568">
        </testcase>
        <testcase classname="src/test/compression-quality.test.ts" name="compression quality &gt; preset &quot;web&quot; — statistic consistency &gt; reports internally consistent statistics for &apos;extract-images/dct-runlength-wrapper.…&apos;" time="0.0138523">
        </testcase>
        <testcase classname="src/test/compression-quality.test.ts" name="compression quality &gt; preset &quot;web&quot; — statistic consistency &gt; reports internally consistent statistics for &apos;upstream/pdfium/rectangles.pdf&apos;" time="0.0114652">
            <system-err>
Aborted(undefined)

            </system-err>
        </testcase>
        <testcase classname="src/test/compression-quality.test.ts" name="compression quality &gt; preset &quot;web&quot; — statistic consistency &gt; reports internally consistent statistics for &apos;upstream/pdfjs/asciihexdecode.pdf&apos;" time="0.0127598">
        </testcase>
        <testcase classname="src/test/compression-quality.test.ts" name="compression quality &gt; preset &quot;web&quot; — statistic consistency &gt; reports internally consistent statistics for &apos;upstream/pypdf/imagemagick-images.pdf&apos;" time="0.023352">
        </testcase>
        <testcase classname="src/test/compression-quality.test.ts" name="compression quality &gt; preset &quot;web&quot; — statistic consistency &gt; reports internally consistent statistics for &apos;upstream/qpdf/filter-on-write.pdf&apos;" time="0.0309386">
            <system-err>
Aborted(undefined)

            </system-err>
        </testcase>
        <testcase classname="src/test/compression-quality.test.ts" name="compression quality &gt; preset &quot;archive&quot; — statistic consistency &gt; reports internally consistent statistics for &apos;extract-images/dct-ascii85-wrapper.pdf&apos;" time="0.0187251">
            <system-err>
Aborted(undefined)

            </system-err>
        </testcase>
        <testcase classname="src/test/compression-quality.test.ts" name="compression quality &gt; preset &quot;archive&quot; — statistic consistency &gt; reports internally consistent statistics for &apos;extract-images/dct-flate-wrapper.pdf&apos;" time="0.030582">
        </testcase>
        <testcase classname="src/test/compression-quality.test.ts" name="compression quality &gt; preset &quot;archive&quot; — statistic consistency &gt; reports internally consistent statistics for &apos;extract-images/dct-plain.pdf&apos;" time="0.0360196">
        </testcase>
        <testcase classname="src/test/compression-quality.test.ts" name="compression quality &gt; preset &quot;archive&quot; — statistic consistency &gt; reports internally consistent statistics for &apos;extract-images/dct-runlength-wrapper.…&apos;" time="0.0334513">
        </testcase>
        <testcase classname="src/test/compression-quality.test.ts" name="compression quality &gt; preset &quot;archive&quot; — statistic consistency &gt; reports internally consistent statistics for &apos;upstream/pdfium/rectangles.pdf&apos;" time="0.0098971">
            <system-err>
Aborted(undefined)

            </system-err>
        </testcase>
        <testcase classname="src/test/compression-quality.test.ts" name="compression quality &gt; preset &quot;archive&quot; — statistic consistency &gt; reports internally consistent statistics for &apos;upstream/pdfjs/asciihexdecode.pdf&apos;" time="0.0125409">
        </testcase>
        <testcase classname="src/test/compression-quality.test.ts" name="compression quality &gt; preset &quot;archive&quot; — statistic consistency &gt; reports internally consistent statistics for &apos;upstream/pypdf/imagemagick-images.pdf&apos;" time="0.0172103">
        </testcase>
        <testcase classname="src/test/compression-quality.test.ts" name="compression quality &gt; preset &quot;archive&quot; — statistic consistency &gt; reports internally consistent statistics for &apos;upstream/qpdf/filter-on-write.pdf&apos;" time="0.0139999">
            <system-err>
Aborted(undefined)

            </system-err>
        </testcase>
        <testcase classname="src/test/compression-quality.test.ts" name="compression quality &gt; preset &quot;archive&quot; vs &quot;default&quot; size comparison &gt; &quot;archive&quot; output is no larger than &quot;default&quot; output for &apos;extract-images/dct-ascii85-wrapper.pdf&apos; (±5 %)" time="0.017763">
            <system-err>
Aborted(undefined)
Aborted(undefined)

            </system-err>
        </testcase>
        <testcase classname="src/test/compression-quality.test.ts" name="compression quality &gt; preset &quot;archive&quot; vs &quot;default&quot; size comparison &gt; &quot;archive&quot; output is no larger than &quot;default&quot; output for &apos;extract-images/dct-flate-wrapper.pdf&apos; (±5 %)" time="0.0128397">
        </testcase>
        <testcase classname="src/test/compression-quality.test.ts" name="compression quality &gt; preset &quot;archive&quot; vs &quot;default&quot; size comparison &gt; &quot;archive&quot; output is no larger than &quot;default&quot; output for &apos;extract-images/dct-plain.pdf&apos; (±5 %)" time="0.01103">
        </testcase>
        <testcase classname="src/test/compression-quality.test.ts" name="compression quality &gt; preset &quot;archive&quot; vs &quot;default&quot; size comparison &gt; &quot;archive&quot; output is no larger than &quot;default&quot; output for &apos;extract-images/dct-runlength-wrapper.…&apos; (±5 %)" time="0.0129444">
        </testcase>
        <testcase classname="src/test/compression-quality.test.ts" name="compression quality &gt; preset &quot;archive&quot; vs &quot;default&quot; size comparison &gt; &quot;archive&quot; output is no larger than &quot;default&quot; output for &apos;upstream/pdfium/rectangles.pdf&apos; (±5 %)" time="0.0093064">
            <system-err>
Aborted(undefined)
Aborted(undefined)

            </system-err>
        </testcase>
        <testcase classname="src/test/compression-quality.test.ts" name="compression quality &gt; preset &quot;archive&quot; vs &quot;default&quot; size comparison &gt; &quot;archive&quot; output is no larger than &quot;default&quot; output for &apos;upstream/pdfjs/asciihexdecode.pdf&apos; (±5 %)" time="0.0099656">
        </testcase>
        <testcase classname="src/test/compression-quality.test.ts" name="compression quality &gt; preset &quot;archive&quot; vs &quot;default&quot; size comparison &gt; &quot;archive&quot; output is no larger than &quot;default&quot; output for &apos;upstream/pypdf/imagemagick-images.pdf&apos; (±5 %)" time="0.0253412">
        </testcase>
        <testcase classname="src/test/compression-quality.test.ts" name="compression quality &gt; preset &quot;archive&quot; vs &quot;default&quot; size comparison &gt; &quot;archive&quot; output is no larger than &quot;default&quot; output for &apos;upstream/qpdf/filter-on-write.pdf&apos; (±5 %)" time="0.0122366">
            <system-err>
Aborted(undefined)
Aborted(undefined)

            </system-err>
        </testcase>
        <testcase classname="src/test/compression-quality.test.ts" name="compression quality &gt; compressionLevel sensitivity &gt; level 9 produces output no larger than level 1 for &apos;extract-images/dct-ascii85-wrapper.pdf&apos;" time="0.0105056">
            <system-err>
Aborted(undefined)
Aborted(undefined)

            </system-err>
        </testcase>
        <testcase classname="src/test/compression-quality.test.ts" name="compression quality &gt; compressionLevel sensitivity &gt; level 9 produces output no larger than level 1 for &apos;extract-images/dct-flate-wrapper.pdf&apos;" time="0.0144734">
        </testcase>
        <testcase classname="src/test/compression-quality.test.ts" name="compression quality &gt; compressionLevel sensitivity &gt; level 9 produces output no larger than level 1 for &apos;extract-images/dct-plain.pdf&apos;" time="0.0104373">
        </testcase>
        <testcase classname="src/test/compression-quality.test.ts" name="compression quality &gt; compressionLevel sensitivity &gt; level 9 produces output no larger than level 1 for &apos;extract-images/dct-runlength-wrapper.…&apos;" time="0.0104751">
        </testcase>
        <testcase classname="src/test/compression-quality.test.ts" name="compression quality &gt; compressionLevel sensitivity &gt; level 9 produces output no larger than level 1 for &apos;upstream/pdfium/rectangles.pdf&apos;" time="0.0157079">
            <system-err>
Aborted(undefined)
Aborted(undefined)

            </system-err>
        </testcase>
        <testcase classname="src/test/compression-quality.test.ts" name="compression quality &gt; compressionLevel sensitivity &gt; level 9 produces output no larger than level 1 for &apos;upstream/pdfjs/asciihexdecode.pdf&apos;" time="0.011167">
        </testcase>
        <testcase classname="src/test/compression-quality.test.ts" name="compression quality &gt; compressionLevel sensitivity &gt; level 9 produces output no larger than level 1 for &apos;upstream/pypdf/imagemagick-images.pdf&apos;" time="0.0216521">
        </testcase>
        <testcase classname="src/test/compression-quality.test.ts" name="compression quality &gt; compressionLevel sensitivity &gt; level 9 produces output no larger than level 1 for &apos;upstream/qpdf/filter-on-write.pdf&apos;" time="0.0275562">
            <system-err>
Aborted(undefined)
Aborted(undefined)

            </system-err>
        </testcase>
        <testcase classname="src/test/compression-quality.test.ts" name="compression quality &gt; linearizePdf &gt; produces a valid non-empty PDF for &apos;extract-images/dct-ascii85-wrapper.pdf&apos;" time="0.0107085">
            <system-err>
Aborted(undefined)

            </system-err>
        </testcase>
        <testcase classname="src/test/compression-quality.test.ts" name="compression quality &gt; linearizePdf &gt; produces a valid non-empty PDF for &apos;extract-images/dct-flate-wrapper.pdf&apos;" time="0.0288204">
        </testcase>
        <testcase classname="src/test/compression-quality.test.ts" name="compression quality &gt; linearizePdf &gt; produces a valid non-empty PDF for &apos;extract-images/dct-plain.pdf&apos;" time="0.0457128">
        </testcase>
        <testcase classname="src/test/compression-quality.test.ts" name="compression quality &gt; linearizePdf &gt; produces a valid non-empty PDF for &apos;extract-images/dct-runlength-wrapper.…&apos;" time="0.015013">
        </testcase>
        <testcase classname="src/test/compression-quality.test.ts" name="compression quality &gt; linearizePdf &gt; produces a valid non-empty PDF for &apos;upstream/pdfium/rectangles.pdf&apos;" time="0.0105809">
            <system-err>
Aborted(undefined)

            </system-err>
        </testcase>
        <testcase classname="src/test/compression-quality.test.ts" name="compression quality &gt; linearizePdf &gt; produces a valid non-empty PDF for &apos;upstream/pdfjs/asciihexdecode.pdf&apos;" time="0.0130785">
        </testcase>
        <testcase classname="src/test/compression-quality.test.ts" name="compression quality &gt; linearizePdf &gt; produces a valid non-empty PDF for &apos;upstream/pypdf/imagemagick-images.pdf&apos;" time="0.020633">
        </testcase>
        <testcase classname="src/test/compression-quality.test.ts" name="compression quality &gt; linearizePdf &gt; produces a valid non-empty PDF for &apos;upstream/qpdf/filter-on-write.pdf&apos;" time="0.0157919">
            <system-err>
Aborted(undefined)

            </system-err>
        </testcase>
        <testcase classname="src/test/compression-quality.test.ts" name="compression quality &gt; decodeLevel &quot;none&quot; &gt; produces a valid non-empty PDF for &apos;extract-images/dct-ascii85-wrapper.pdf&apos;" time="0.0216329">
            <system-err>
Aborted(undefined)

            </system-err>
        </testcase>
        <testcase classname="src/test/compression-quality.test.ts" name="compression quality &gt; decodeLevel &quot;none&quot; &gt; produces a valid non-empty PDF for &apos;extract-images/dct-flate-wrapper.pdf&apos;" time="0.0255643">
        </testcase>
        <testcase classname="src/test/compression-quality.test.ts" name="compression quality &gt; decodeLevel &quot;none&quot; &gt; produces a valid non-empty PDF for &apos;extract-images/dct-plain.pdf&apos;" time="0.0101991">
        </testcase>
        <testcase classname="src/test/compression-quality.test.ts" name="compression quality &gt; decodeLevel &quot;none&quot; &gt; produces a valid non-empty PDF for &apos;extract-images/dct-runlength-wrapper.…&apos;" time="0.0101416">
        </testcase>
        <testcase classname="src/test/compression-quality.test.ts" name="compression quality &gt; decodeLevel &quot;none&quot; &gt; produces a valid non-empty PDF for &apos;upstream/pdfium/rectangles.pdf&apos;" time="0.0148605">
            <system-err>
Aborted(undefined)

            </system-err>
        </testcase>
        <testcase classname="src/test/compression-quality.test.ts" name="compression quality &gt; decodeLevel &quot;none&quot; &gt; produces a valid non-empty PDF for &apos;upstream/pdfjs/asciihexdecode.pdf&apos;" time="0.0102247">
        </testcase>
        <testcase classname="src/test/compression-quality.test.ts" name="compression quality &gt; decodeLevel &quot;none&quot; &gt; produces a valid non-empty PDF for &apos;upstream/pypdf/imagemagick-images.pdf&apos;" time="0.018715">
        </testcase>
        <testcase classname="src/test/compression-quality.test.ts" name="compression quality &gt; decodeLevel &quot;none&quot; &gt; produces a valid non-empty PDF for &apos;upstream/qpdf/filter-on-write.pdf&apos;" time="0.0261293">
            <system-err>
Aborted(undefined)

            </system-err>
        </testcase>
        <testcase classname="src/test/compression-quality.test.ts" name="compression quality &gt; decodeLevel &quot;generalized&quot; &gt; produces a valid non-empty PDF for &apos;extract-images/dct-ascii85-wrapper.pdf&apos;" time="0.0153419">
            <system-err>
Aborted(undefined)

            </system-err>
        </testcase>
        <testcase classname="src/test/compression-quality.test.ts" name="compression quality &gt; decodeLevel &quot;generalized&quot; &gt; produces a valid non-empty PDF for &apos;extract-images/dct-flate-wrapper.pdf&apos;" time="0.0252315">
        </testcase>
        <testcase classname="src/test/compression-quality.test.ts" name="compression quality &gt; decodeLevel &quot;generalized&quot; &gt; produces a valid non-empty PDF for &apos;extract-images/dct-plain.pdf&apos;" time="0.009734">
        </testcase>
        <testcase classname="src/test/compression-quality.test.ts" name="compression quality &gt; decodeLevel &quot;generalized&quot; &gt; produces a valid non-empty PDF for &apos;extract-images/dct-runlength-wrapper.…&apos;" time="0.0138606">
        </testcase>
        <testcase classname="src/test/compression-quality.test.ts" name="compression quality &gt; decodeLevel &quot;generalized&quot; &gt; produces a valid non-empty PDF for &apos;upstream/pdfium/rectangles.pdf&apos;" time="0.0099114">
            <system-err>
Aborted(undefined)

            </system-err>
        </testcase>
        <testcase classname="src/test/compression-quality.test.ts" name="compression quality &gt; decodeLevel &quot;generalized&quot; &gt; produces a valid non-empty PDF for &apos;upstream/pdfjs/asciihexdecode.pdf&apos;" time="0.0090839">
        </testcase>
        <testcase classname="src/test/compression-quality.test.ts" name="compression quality &gt; decodeLevel &quot;generalized&quot; &gt; produces a valid non-empty PDF for &apos;upstream/pypdf/imagemagick-images.pdf&apos;" time="0.0184861">
        </testcase>
        <testcase classname="src/test/compression-quality.test.ts" name="compression quality &gt; decodeLevel &quot;generalized&quot; &gt; produces a valid non-empty PDF for &apos;upstream/qpdf/filter-on-write.pdf&apos;" time="0.0122547">
            <system-err>
Aborted(undefined)

            </system-err>
        </testcase>
        <testcase classname="src/test/compression-quality.test.ts" name="compression quality &gt; decodeLevel &quot;specialized&quot; &gt; produces a valid non-empty PDF for &apos;extract-images/dct-ascii85-wrapper.pdf&apos;" time="0.0094132">
            <system-err>
Aborted(undefined)

            </system-err>
        </testcase>
        <testcase classname="src/test/compression-quality.test.ts" name="compression quality &gt; decodeLevel &quot;specialized&quot; &gt; produces a valid non-empty PDF for &apos;extract-images/dct-flate-wrapper.pdf&apos;" time="0.0139556">
        </testcase>
        <testcase classname="src/test/compression-quality.test.ts" name="compression quality &gt; decodeLevel &quot;specialized&quot; &gt; produces a valid non-empty PDF for &apos;extract-images/dct-plain.pdf&apos;" time="0.0093577">
        </testcase>
        <testcase classname="src/test/compression-quality.test.ts" name="compression quality &gt; decodeLevel &quot;specialized&quot; &gt; produces a valid non-empty PDF for &apos;extract-images/dct-runlength-wrapper.…&apos;" time="0.0100183">
        </testcase>
        <testcase classname="src/test/compression-quality.test.ts" name="compression quality &gt; decodeLevel &quot;specialized&quot; &gt; produces a valid non-empty PDF for &apos;upstream/pdfium/rectangles.pdf&apos;" time="0.0114935">
            <system-err>
Aborted(undefined)

            </system-err>
        </testcase>
        <testcase classname="src/test/compression-quality.test.ts" name="compression quality &gt; decodeLevel &quot;specialized&quot; &gt; produces a valid non-empty PDF for &apos;upstream/pdfjs/asciihexdecode.pdf&apos;" time="0.0091292">
        </testcase>
        <testcase classname="src/test/compression-quality.test.ts" name="compression quality &gt; decodeLevel &quot;specialized&quot; &gt; produces a valid non-empty PDF for &apos;upstream/pypdf/imagemagick-images.pdf&apos;" time="0.0142773">
        </testcase>
        <testcase classname="src/test/compression-quality.test.ts" name="compression quality &gt; decodeLevel &quot;specialized&quot; &gt; produces a valid non-empty PDF for &apos;upstream/qpdf/filter-on-write.pdf&apos;" time="0.0173619">
            <system-err>
Aborted(undefined)

            </system-err>
        </testcase>
        <testcase classname="src/test/compression-quality.test.ts" name="compression quality &gt; decodeLevel &quot;all&quot; &gt; produces a valid non-empty PDF for &apos;extract-images/dct-ascii85-wrapper.pdf&apos;" time="0.0148613">
            <system-err>
Aborted(undefined)

            </system-err>
        </testcase>
        <testcase classname="src/test/compression-quality.test.ts" name="compression quality &gt; decodeLevel &quot;all&quot; &gt; produces a valid non-empty PDF for &apos;extract-images/dct-flate-wrapper.pdf&apos;" time="0.027793">
            <system-err>
Aborted(undefined)

            </system-err>
        </testcase>
        <testcase classname="src/test/compression-quality.test.ts" name="compression quality &gt; decodeLevel &quot;all&quot; &gt; produces a valid non-empty PDF for &apos;extract-images/dct-plain.pdf&apos;" time="0.0102795">
            <system-err>
Aborted(undefined)

            </system-err>
        </testcase>
        <testcase classname="src/test/compression-quality.test.ts" name="compression quality &gt; decodeLevel &quot;all&quot; &gt; produces a valid non-empty PDF for &apos;extract-images/dct-runlength-wrapper.…&apos;" time="0.014895">
            <system-err>
Aborted(undefined)

            </system-err>
        </testcase>
        <testcase classname="src/test/compression-quality.test.ts" name="compression quality &gt; decodeLevel &quot;all&quot; &gt; produces a valid non-empty PDF for &apos;upstream/pdfium/rectangles.pdf&apos;" time="0.0094307">
            <system-err>
Aborted(undefined)

            </system-err>
        </testcase>
        <testcase classname="src/test/compression-quality.test.ts" name="compression quality &gt; decodeLevel &quot;all&quot; &gt; produces a valid non-empty PDF for &apos;upstream/pdfjs/asciihexdecode.pdf&apos;" time="0.0111117">
        </testcase>
        <testcase classname="src/test/compression-quality.test.ts" name="compression quality &gt; decodeLevel &quot;all&quot; &gt; produces a valid non-empty PDF for &apos;upstream/pypdf/imagemagick-images.pdf&apos;" time="0.0407861">
        </testcase>
        <testcase classname="src/test/compression-quality.test.ts" name="compression quality &gt; decodeLevel &quot;all&quot; &gt; produces a valid non-empty PDF for &apos;upstream/qpdf/filter-on-write.pdf&apos;" time="0.013819">
            <system-err>
Aborted(undefined)

            </system-err>
        </testcase>
        <testcase classname="src/test/compression-quality.test.ts" name="compression quality &gt; objectStreams &quot;preserve&quot; &gt; produces a valid PDF for &apos;extract-images/dct-ascii85-wrapper.pdf&apos;" time="0.0099219">
            <system-err>
Aborted(undefined)

            </system-err>
        </testcase>
        <testcase classname="src/test/compression-quality.test.ts" name="compression quality &gt; objectStreams &quot;preserve&quot; &gt; produces a valid PDF for &apos;extract-images/dct-flate-wrapper.pdf&apos;" time="0.0089333">
        </testcase>
        <testcase classname="src/test/compression-quality.test.ts" name="compression quality &gt; objectStreams &quot;preserve&quot; &gt; produces a valid PDF for &apos;extract-images/dct-plain.pdf&apos;" time="0.0142656">
        </testcase>
        <testcase classname="src/test/compression-quality.test.ts" name="compression quality &gt; objectStreams &quot;preserve&quot; &gt; produces a valid PDF for &apos;extract-images/dct-runlength-wrapper.…&apos;" time="0.0101614">
        </testcase>
        <testcase classname="src/test/compression-quality.test.ts" name="compression quality &gt; objectStreams &quot;preserve&quot; &gt; produces a valid PDF for &apos;upstream/pdfium/rectangles.pdf&apos;" time="0.0083469">
            <system-err>
Aborted(undefined)

            </system-err>
        </testcase>
        <testcase classname="src/test/compression-quality.test.ts" name="compression quality &gt; objectStreams &quot;preserve&quot; &gt; produces a valid PDF for &apos;upstream/pdfjs/asciihexdecode.pdf&apos;" time="0.0116364">
        </testcase>
        <testcase classname="src/test/compression-quality.test.ts" name="compression quality &gt; objectStreams &quot;preserve&quot; &gt; produces a valid PDF for &apos;upstream/pypdf/imagemagick-images.pdf&apos;" time="0.0137242">
        </testcase>
        <testcase classname="src/test/compression-quality.test.ts" name="compression quality &gt; objectStreams &quot;preserve&quot; &gt; produces a valid PDF for &apos;upstream/qpdf/filter-on-write.pdf&apos;" time="0.0102251">
            <system-err>
Aborted(undefined)

            </system-err>
        </testcase>
        <testcase classname="src/test/compression-quality.test.ts" name="compression quality &gt; objectStreams &quot;disable&quot; &gt; produces a valid PDF for &apos;extract-images/dct-ascii85-wrapper.pdf&apos;" time="0.0122251">
            <system-err>
Aborted(undefined)

            </system-err>
        </testcase>
        <testcase classname="src/test/compression-quality.test.ts" name="compression quality &gt; objectStreams &quot;disable&quot; &gt; produces a valid PDF for &apos;extract-images/dct-flate-wrapper.pdf&apos;" time="0.0097041">
        </testcase>
        <testcase classname="src/test/compression-quality.test.ts" name="compression quality &gt; objectStreams &quot;disable&quot; &gt; produces a valid PDF for &apos;extract-images/dct-plain.pdf&apos;" time="0.0089957">
        </testcase>
        <testcase classname="src/test/compression-quality.test.ts" name="compression quality &gt; objectStreams &quot;disable&quot; &gt; produces a valid PDF for &apos;extract-images/dct-runlength-wrapper.…&apos;" time="0.0108643">
        </testcase>
        <testcase classname="src/test/compression-quality.test.ts" name="compression quality &gt; objectStreams &quot;disable&quot; &gt; produces a valid PDF for &apos;upstream/pdfium/rectangles.pdf&apos;" time="0.0087346">
            <system-err>
Aborted(undefined)

            </system-err>
        </testcase>
        <testcase classname="src/test/compression-quality.test.ts" name="compression quality &gt; objectStreams &quot;disable&quot; &gt; produces a valid PDF for &apos;upstream/pdfjs/asciihexdecode.pdf&apos;" time="0.0085598">
        </testcase>
        <testcase classname="src/test/compression-quality.test.ts" name="compression quality &gt; objectStreams &quot;disable&quot; &gt; produces a valid PDF for &apos;upstream/pypdf/imagemagick-images.pdf&apos;" time="0.0158628">
        </testcase>
        <testcase classname="src/test/compression-quality.test.ts" name="compression quality &gt; objectStreams &quot;disable&quot; &gt; produces a valid PDF for &apos;upstream/qpdf/filter-on-write.pdf&apos;" time="0.0092807">
            <system-err>
Aborted(undefined)

            </system-err>
        </testcase>
        <testcase classname="src/test/compression-quality.test.ts" name="compression quality &gt; objectStreams &quot;generate&quot; &gt; produces a valid PDF for &apos;extract-images/dct-ascii85-wrapper.pdf&apos;" time="0.0086892">
            <system-err>
Aborted(undefined)

            </system-err>
        </testcase>
        <testcase classname="src/test/compression-quality.test.ts" name="compression quality &gt; objectStreams &quot;generate&quot; &gt; produces a valid PDF for &apos;extract-images/dct-flate-wrapper.pdf&apos;" time="0.0138659">
        </testcase>
        <testcase classname="src/test/compression-quality.test.ts" name="compression quality &gt; objectStreams &quot;generate&quot; &gt; produces a valid PDF for &apos;extract-images/dct-plain.pdf&apos;" time="0.0090601">
        </testcase>
        <testcase classname="src/test/compression-quality.test.ts" name="compression quality &gt; objectStreams &quot;generate&quot; &gt; produces a valid PDF for &apos;extract-images/dct-runlength-wrapper.…&apos;" time="0.009624">
        </testcase>
        <testcase classname="src/test/compression-quality.test.ts" name="compression quality &gt; objectStreams &quot;generate&quot; &gt; produces a valid PDF for &apos;upstream/pdfium/rectangles.pdf&apos;" time="0.0124682">
            <system-err>
Aborted(undefined)

            </system-err>
        </testcase>
        <testcase classname="src/test/compression-quality.test.ts" name="compression quality &gt; objectStreams &quot;generate&quot; &gt; produces a valid PDF for &apos;upstream/pdfjs/asciihexdecode.pdf&apos;" time="0.0086634">
        </testcase>
        <testcase classname="src/test/compression-quality.test.ts" name="compression quality &gt; objectStreams &quot;generate&quot; &gt; produces a valid PDF for &apos;upstream/pypdf/imagemagick-images.pdf&apos;" time="0.0140285">
        </testcase>
        <testcase classname="src/test/compression-quality.test.ts" name="compression quality &gt; objectStreams &quot;generate&quot; &gt; produces a valid PDF for &apos;upstream/qpdf/filter-on-write.pdf&apos;" time="0.0201511">
            <system-err>
Aborted(undefined)

            </system-err>
        </testcase>
    </testsuite>
    <testsuite name="src/core/compress.test.ts" timestamp="2026-05-14T17:25:02.618Z" hostname="eduardo" tests="8" failures="0" errors="0" skipped="0" time="0.0256856">
        <testcase classname="src/core/compress.test.ts" name="optimizePdf &gt; returns correct size statistics" time="0.0063574">
        </testcase>
        <testcase classname="src/core/compress.test.ts" name="optimizePdf &gt; includes the preset name in the result" time="0.0009933">
        </testcase>
        <testcase classname="src/core/compress.test.ts" name="optimizePdf &gt; defaults preset to &apos;default&apos;" time="0.0009443">
        </testcase>
        <testcase classname="src/core/compress.test.ts" name="optimizePdf &gt; copies output out of WASM heap via slice()" time="0.0019582">
        </testcase>
        <testcase classname="src/core/compress.test.ts" name="optimizePdf &gt; wraps WASM failures in QpdfCompressionError" time="0.0044169">
        </testcase>
        <testcase classname="src/core/compress.test.ts" name="optimizePdf &gt; accepts ArrayBuffer input" time="0.0009702">
        </testcase>
        <testcase classname="src/core/compress.test.ts" name="linearizePdf &gt; forwards linearize: true to the WASM compressPdf call" time="0.005135">
        </testcase>
        <testcase classname="src/core/compress.test.ts" name="linearizePdf &gt; includes preset in the result" time="0.0008705">
        </testcase>
    </testsuite>
    <testsuite name="src/core/errors.test.ts" timestamp="2026-05-14T17:25:02.621Z" hostname="eduardo" tests="11" failures="0" errors="0" skipped="0" time="0.0089147">
        <testcase classname="src/core/errors.test.ts" name="Error Classes &gt; QpdfError &gt; should create error with message" time="0.0027508">
        </testcase>
        <testcase classname="src/core/errors.test.ts" name="Error Classes &gt; QpdfError &gt; should support error cause" time="0.0003275">
        </testcase>
        <testcase classname="src/core/errors.test.ts" name="Error Classes &gt; QpdfError &gt; should expose structured error metadata" time="0.0002303">
        </testcase>
        <testcase classname="src/core/errors.test.ts" name="Error Classes &gt; QpdfError &gt; should work with instanceof" time="0.0003367">
        </testcase>
        <testcase classname="src/core/errors.test.ts" name="Error Classes &gt; QpdfInitError &gt; should create init error" time="0.0003602">
        </testcase>
        <testcase classname="src/core/errors.test.ts" name="Error Classes &gt; QpdfCompressionError &gt; should create compression error" time="0.0002838">
        </testcase>
        <testcase classname="src/core/errors.test.ts" name="Error Classes &gt; QpdfSplitError &gt; should create split error" time="0.00026">
        </testcase>
        <testcase classname="src/core/errors.test.ts" name="Error Classes &gt; QpdfMergeError &gt; should create merge error" time="0.000318">
        </testcase>
        <testcase classname="src/core/errors.test.ts" name="Error Classes &gt; QpdfValidationError &gt; should create validation error" time="0.0003975">
        </testcase>
        <testcase classname="src/core/errors.test.ts" name="Error Classes &gt; QpdfConversionError &gt; should create conversion error" time="0.0003638">
        </testcase>
        <testcase classname="src/core/errors.test.ts" name="Error Classes &gt; QpdfOrganizeError &gt; should create organize error" time="0.0002812">
        </testcase>
    </testsuite>
    <testsuite name="src/core/extract-images.test.ts" timestamp="2026-05-14T17:25:02.625Z" hostname="eduardo" tests="8" failures="3" errors="0" skipped="0" time="0.2800415">
        <testcase classname="src/core/extract-images.test.ts" name="extractImages WASM filter decoding &gt; returns browser-decodable JPEG bytes for &apos;plain DCTDecode&apos;" time="0.2046418">
        </testcase>
        <testcase classname="src/core/extract-images.test.ts" name="extractImages WASM filter decoding &gt; returns browser-decodable JPEG bytes for &apos;ASCII85-wrapped DCTDecode&apos;" time="0.0330131">
            <system-err>
Aborted(undefined)

            </system-err>
            <failure message="Aborted(undefined). Build with -sASSERTIONS for more info." type="RuntimeError">
RuntimeError: Aborted(undefined). Build with -sASSERTIONS for more info.
 ❯ abort build/wasm/qpdf.js:1:3183
 ❯ ___cxa_throw build/wasm/qpdf.js:1:6563
 ❯ null.&lt;anonymous&gt; wasm:/wasm/003a8596:1:425450
 ❯ null.&lt;anonymous&gt; wasm:/wasm/003a8596:1:425668
 ❯ null.&lt;anonymous&gt; wasm:/wasm/003a8596:1:109039
 ❯ null.&lt;anonymous&gt; wasm:/wasm/003a8596:1:723603
 ❯ null.&lt;anonymous&gt; wasm:/wasm/003a8596:1:817283
 ❯ Object.extractImages build/wasm/qpdf.js:1:76817
 ❯ extractSingleRawImage src/core/extract-images.test.ts:67:27
 ❯ src/core/extract-images.test.ts:28:23
            </failure>
        </testcase>
        <testcase classname="src/core/extract-images.test.ts" name="extractImages WASM filter decoding &gt; returns browser-decodable JPEG bytes for &apos;Flate-wrapped DCTDecode&apos;" time="0.0070776">
        </testcase>
        <testcase classname="src/core/extract-images.test.ts" name="extractImages WASM filter decoding &gt; returns browser-decodable JPEG bytes for &apos;RunLength-wrapped DCTDecode&apos;" time="0.0026949">
        </testcase>
        <testcase classname="src/core/extract-images.test.ts" name="extractImages WASM filter decoding &gt; handles upstream fixture: &apos;Mozilla PDF.js ASCIIHexDecode fixture&apos;" time="0.0040079">
        </testcase>
        <testcase classname="src/core/extract-images.test.ts" name="extractImages WASM filter decoding &gt; handles upstream fixture: &apos;py-pdf ImageMagick images fixture&apos;" time="0.0125836">
        </testcase>
        <testcase classname="src/core/extract-images.test.ts" name="extractImages WASM filter decoding &gt; handles upstream fixture: &apos;PDFium rectangles fixture&apos;" time="0.0100218">
            <system-err>
Aborted(undefined)

            </system-err>
            <failure message="Aborted(undefined). Build with -sASSERTIONS for more info." type="RuntimeError">
RuntimeError: Aborted(undefined). Build with -sASSERTIONS for more info.
 ❯ abort build/wasm/qpdf.js:1:3183
 ❯ ___cxa_throw build/wasm/qpdf.js:1:6563
 ❯ null.&lt;anonymous&gt; wasm:/wasm/003a8596:1:425450
 ❯ null.&lt;anonymous&gt; wasm:/wasm/003a8596:1:425668
 ❯ null.&lt;anonymous&gt; wasm:/wasm/003a8596:1:109039
 ❯ null.&lt;anonymous&gt; wasm:/wasm/003a8596:1:723603
 ❯ null.&lt;anonymous&gt; wasm:/wasm/003a8596:1:817283
 ❯ Object.extractImages build/wasm/qpdf.js:1:76817
 ❯ src/core/extract-images.test.ts:54:31
            </failure>
        </testcase>
        <testcase classname="src/core/extract-images.test.ts" name="extractImages WASM filter decoding &gt; handles upstream fixture: &apos;qpdf filter-on-write fixture&apos;" time="0.0031368">
            <system-err>
Aborted(undefined)

            </system-err>
            <failure message="Aborted(undefined). Build with -sASSERTIONS for more info." type="RuntimeError">
RuntimeError: Aborted(undefined). Build with -sASSERTIONS for more info.
 ❯ abort build/wasm/qpdf.js:1:3183
 ❯ ___cxa_throw build/wasm/qpdf.js:1:6563
 ❯ null.&lt;anonymous&gt; wasm:/wasm/003a8596:1:425450
 ❯ null.&lt;anonymous&gt; wasm:/wasm/003a8596:1:425668
 ❯ null.&lt;anonymous&gt; wasm:/wasm/003a8596:1:109039
 ❯ null.&lt;anonymous&gt; wasm:/wasm/003a8596:1:723603
 ❯ null.&lt;anonymous&gt; wasm:/wasm/003a8596:1:817283
 ❯ Object.extractImages build/wasm/qpdf.js:1:76817
 ❯ src/core/extract-images.test.ts:54:31
            </failure>
        </testcase>
    </testsuite>
    <testsuite name="src/core/inspect.test.ts" timestamp="2026-05-14T17:25:02.634Z" hostname="eduardo" tests="8" failures="0" errors="0" skipped="0" time="0.0257912">
        <testcase classname="src/core/inspect.test.ts" name="inspectPdf &gt; returns document info" time="0.006888">
        </testcase>
        <testcase classname="src/core/inspect.test.ts" name="inspectPdf &gt; disposes the document after a successful read" time="0.0013562">
        </testcase>
        <testcase classname="src/core/inspect.test.ts" name="inspectPdf &gt; disposes the document even when info() throws" time="0.003978">
        </testcase>
        <testcase classname="src/core/inspect.test.ts" name="checkPdf &gt; returns isValid: true and empty warnings on success" time="0.002803">
        </testcase>
        <testcase classname="src/core/inspect.test.ts" name="checkPdf &gt; returns isValid: false with the error message in warnings when a QpdfError is thrown" time="0.0018717">
        </testcase>
        <testcase classname="src/core/inspect.test.ts" name="checkPdf &gt; returns a zeroed info when the PDF is invalid" time="0.0009182">
        </testcase>
        <testcase classname="src/core/inspect.test.ts" name="checkPdf &gt; rethrows QpdfValidationError unchanged" time="0.0027047">
        </testcase>
        <testcase classname="src/core/inspect.test.ts" name="checkPdf &gt; rethrows non-QpdfError errors unchanged" time="0.0014266">
        </testcase>
    </testsuite>
    <testsuite name="src/core/merge.test.ts" timestamp="2026-05-14T17:25:02.638Z" hostname="eduardo" tests="7" failures="0" errors="0" skipped="0" time="0.0217339">
        <testcase classname="src/core/merge.test.ts" name="mergePdfs &gt; throws QpdfMergeError when called with an empty array" time="0.0085306">
        </testcase>
        <testcase classname="src/core/merge.test.ts" name="mergePdfs &gt; merges a single input and returns data with sourceCount" time="0.0020408">
        </testcase>
        <testcase classname="src/core/merge.test.ts" name="mergePdfs &gt; reports the correct sourceCount for multiple inputs" time="0.0010132">
        </testcase>
        <testcase classname="src/core/merge.test.ts" name="mergePdfs &gt; copies output out of WASM heap via slice()" time="0.0017897">
        </testcase>
        <testcase classname="src/core/merge.test.ts" name="mergePdfs &gt; throws QpdfMergeError when mergePdfs export is missing" time="0.0009911">
        </testcase>
        <testcase classname="src/core/merge.test.ts" name="mergePdfs &gt; wraps unexpected errors in QpdfMergeError" time="0.0026117">
        </testcase>
        <testcase classname="src/core/merge.test.ts" name="mergePdfs &gt; accepts ArrayBuffer inputs" time="0.000898">
        </testcase>
    </testsuite>
    <testsuite name="src/core/organize.test.ts" timestamp="2026-05-14T17:25:02.642Z" hostname="eduardo" tests="11" failures="0" errors="0" skipped="0" time="0.0280492">
        <testcase classname="src/core/organize.test.ts" name="organizePdf &gt; throws QpdfOrganizeError when pages is empty" time="0.0076748">
        </testcase>
        <testcase classname="src/core/organize.test.ts" name="organizePdf &gt; selects a single page from a multi-page PDF" time="0.0018588">
        </testcase>
        <testcase classname="src/core/organize.test.ts" name="organizePdf &gt; passes pages to mergePdfs in the specified order" time="0.0051017">
        </testcase>
        <testcase classname="src/core/organize.test.ts" name="organizePdf &gt; allows duplicate page indices" time="0.000884">
        </testcase>
        <testcase classname="src/core/organize.test.ts" name="organizePdf &gt; removes pages by omitting their index" time="0.0008748">
        </testcase>
        <testcase classname="src/core/organize.test.ts" name="organizePdf &gt; accepts ArrayBuffer input" time="0.0009197">
        </testcase>
        <testcase classname="src/core/organize.test.ts" name="organizePdf &gt; returns the data from mergePdfs" time="0.0008063">
        </testcase>
        <testcase classname="src/core/organize.test.ts" name="organizePdf &gt; throws QpdfOrganizeError for an out-of-bounds index" time="0.0013518">
        </testcase>
        <testcase classname="src/core/organize.test.ts" name="organizePdf &gt; throws QpdfOrganizeError for a negative index" time="0.0017722">
        </testcase>
        <testcase classname="src/core/organize.test.ts" name="organizePdf &gt; throws QpdfOrganizeError for a non-integer index" time="0.001156">
        </testcase>
        <testcase classname="src/core/organize.test.ts" name="organizePdf &gt; wraps unexpected errors in QpdfOrganizeError" time="0.0012773">
        </testcase>
    </testsuite>
    <testsuite name="src/core/pixel-encoder.test.ts" timestamp="2026-05-14T17:25:02.646Z" hostname="eduardo" tests="2" failures="0" errors="0" skipped="0" time="0.0077984">
        <testcase classname="src/core/pixel-encoder.test.ts" name="raw pixel encoder &gt; uses pixelColorModel rather than components to decide support" time="0.0043129">
        </testcase>
        <testcase classname="src/core/pixel-encoder.test.ts" name="raw pixel encoder &gt; reports unsupported color spaces for unknown pixel color models" time="0.0007803">
        </testcase>
    </testsuite>
    <testsuite name="src/core/qpdf.test.ts" timestamp="2026-05-14T17:25:02.648Z" hostname="eduardo" tests="23" failures="0" errors="0" skipped="0" time="0.0605838">
        <testcase classname="src/core/qpdf.test.ts" name="QpdfDocument &gt; QpdfDocument.open() static factory &gt; returns a QpdfDocument instance" time="0.0068265">
        </testcase>
        <testcase classname="src/core/qpdf.test.ts" name="QpdfDocument &gt; QpdfDocument.open() static factory &gt; passes password to processMemoryFile" time="0.0051815">
        </testcase>
        <testcase classname="src/core/qpdf.test.ts" name="QpdfDocument &gt; QpdfDocument.open() static factory &gt; passes empty string when no password is given" time="0.0018886">
        </testcase>
        <testcase classname="src/core/qpdf.test.ts" name="QpdfDocument &gt; instance.open() disposes previous instance &gt; calls delete() on the previous wrapper before replacing it" time="0.0018299">
        </testcase>
        <testcase classname="src/core/qpdf.test.ts" name="QpdfDocument &gt; property getters &gt; pageCount delegates to getNumPages()" time="0.0016174">
        </testcase>
        <testcase classname="src/core/qpdf.test.ts" name="QpdfDocument &gt; property getters &gt; pdfVersion delegates to getPDFVersion()" time="0.0014186">
        </testcase>
        <testcase classname="src/core/qpdf.test.ts" name="QpdfDocument &gt; property getters &gt; isEncrypted delegates to isEncrypted()" time="0.0013622">
        </testcase>
        <testcase classname="src/core/qpdf.test.ts" name="QpdfDocument &gt; property getters &gt; isLinearized delegates to isLinearized()" time="0.0018789">
        </testcase>
        <testcase classname="src/core/qpdf.test.ts" name="QpdfDocument &gt; property getters &gt; throws QpdfValidationError when the document is not open" time="0.0021814">
        </testcase>
        <testcase classname="src/core/qpdf.test.ts" name="QpdfDocument &gt; info() &gt; aggregates all document metadata" time="0.0032356">
        </testcase>
        <testcase classname="src/core/qpdf.test.ts" name="QpdfDocument &gt; write() &gt; returns a Uint8Array from writer.getBuffer()" time="0.0020795">
        </testcase>
        <testcase classname="src/core/qpdf.test.ts" name="QpdfDocument &gt; write() &gt; calls writer.delete() even when write() throws" time="0.0042119">
        </testcase>
        <testcase classname="src/core/qpdf.test.ts" name="QpdfDocument &gt; write() &gt; wraps write failures in QpdfCompressionError" time="0.0029415">
        </testcase>
        <testcase classname="src/core/qpdf.test.ts" name="QpdfDocument &gt; write() &gt; calls coalesceContentStreams() when compressPages is true" time="0.0013858">
        </testcase>
        <testcase classname="src/core/qpdf.test.ts" name="QpdfDocument &gt; write() &gt; does not call coalesceContentStreams() when compressPages is false" time="0.0018489">
        </testcase>
        <testcase classname="src/core/qpdf.test.ts" name="QpdfDocument &gt; write() &gt; calls removeUnreferencedResources() when removeUnreferencedResources is true" time="0.0017011">
        </testcase>
        <testcase classname="src/core/qpdf.test.ts" name="QpdfDocument &gt; write() &gt; does not call removeUnreferencedResources() when removeUnreferencedResources is false" time="0.0014437">
        </testcase>
        <testcase classname="src/core/qpdf.test.ts" name="QpdfDocument &gt; write() &gt; calls both coalesceContentStreams() and removeUnreferencedResources() for archive preset options" time="0.0014073">
        </testcase>
        <testcase classname="src/core/qpdf.test.ts" name="QpdfDocument &gt; write() &gt; calls coalesceContentStreams() before constructing the writer" time="0.0022266">
        </testcase>
        <testcase classname="src/core/qpdf.test.ts" name="QpdfDocument &gt; write() &gt; write() called twice with different options does not carry over mutations from the first call" time="0.001902">
        </testcase>
        <testcase classname="src/core/qpdf.test.ts" name="QpdfDocument &gt; write() &gt; inspect-then-write: picks a preset from page count without parsing the PDF twice" time="0.002018">
        </testcase>
        <testcase classname="src/core/qpdf.test.ts" name="QpdfDocument &gt; write() &gt; throws QpdfValidationError when the document is not open" time="0.0024635">
        </testcase>
        <testcase classname="src/core/qpdf.test.ts" name="QpdfDocument &gt; dispose() &gt; is idempotent — safe to call multiple times" time="0.0016548">
        </testcase>
    </testsuite>
    <testsuite name="src/core/split.test.ts" timestamp="2026-05-14T17:25:02.657Z" hostname="eduardo" tests="5" failures="0" errors="0" skipped="0" time="0.0214251">
        <testcase classname="src/core/split.test.ts" name="splitPdf &gt; returns pages and pageCount" time="0.0070497">
        </testcase>
        <testcase classname="src/core/split.test.ts" name="splitPdf &gt; copies pages out of WASM heap via slice()" time="0.0018744">
        </testcase>
        <testcase classname="src/core/split.test.ts" name="splitPdf &gt; throws QpdfSplitError when splitPages export is missing" time="0.0027104">
        </testcase>
        <testcase classname="src/core/split.test.ts" name="splitPdf &gt; wraps unexpected errors in QpdfSplitError" time="0.0047178">
        </testcase>
        <testcase classname="src/core/split.test.ts" name="splitPdf &gt; accepts ArrayBuffer input" time="0.0013163">
        </testcase>
    </testsuite>
    <testsuite name="src/utils/format.test.ts" timestamp="2026-05-14T17:25:02.660Z" hostname="eduardo" tests="12" failures="0" errors="0" skipped="0" time="0.014911">
        <testcase classname="src/utils/format.test.ts" name="Format Utilities &gt; formatBytes &gt; should format zero bytes" time="0.0040001">
        </testcase>
        <testcase classname="src/utils/format.test.ts" name="Format Utilities &gt; formatBytes &gt; should format bytes" time="0.0007092">
        </testcase>
        <testcase classname="src/utils/format.test.ts" name="Format Utilities &gt; formatBytes &gt; should format kilobytes" time="0.0006867">
        </testcase>
        <testcase classname="src/utils/format.test.ts" name="Format Utilities &gt; formatBytes &gt; should format megabytes" time="0.0006856">
        </testcase>
        <testcase classname="src/utils/format.test.ts" name="Format Utilities &gt; formatBytes &gt; should respect decimals parameter" time="0.0006316">
        </testcase>
        <testcase classname="src/utils/format.test.ts" name="Format Utilities &gt; calculateSavings &gt; should calculate savings correctly" time="0.0008191">
        </testcase>
        <testcase classname="src/utils/format.test.ts" name="Format Utilities &gt; calculateSavings &gt; should handle no savings" time="0.0005916">
        </testcase>
        <testcase classname="src/utils/format.test.ts" name="Format Utilities &gt; calculateSavings &gt; should handle size increase" time="0.0005851">
        </testcase>
        <testcase classname="src/utils/format.test.ts" name="Format Utilities &gt; formatPercentage &gt; should format positive percentages with sign" time="0.0006782">
        </testcase>
        <testcase classname="src/utils/format.test.ts" name="Format Utilities &gt; formatPercentage &gt; should format negative percentages" time="0.0006527">
        </testcase>
        <testcase classname="src/utils/format.test.ts" name="Format Utilities &gt; formatPercentage &gt; should format zero" time="0.0004866">
        </testcase>
        <testcase classname="src/utils/format.test.ts" name="Format Utilities &gt; formatPercentage &gt; should respect decimals parameter" time="0.0003813">
        </testcase>
    </testsuite>
    <testsuite name="src/utils/validation.test.ts" timestamp="2026-05-14T17:25:02.664Z" hostname="eduardo" tests="12" failures="0" errors="0" skipped="0" time="0.0198206">
        <testcase classname="src/utils/validation.test.ts" name="Validation Utilities &gt; normalizeBuffer &gt; should return Uint8Array as-is" time="0.0048397">
        </testcase>
        <testcase classname="src/utils/validation.test.ts" name="Validation Utilities &gt; normalizeBuffer &gt; should convert ArrayBuffer to Uint8Array" time="0.0013164">
        </testcase>
        <testcase classname="src/utils/validation.test.ts" name="Validation Utilities &gt; normalizeBuffer &gt; should throw on invalid input" time="0.0012229">
        </testcase>
        <testcase classname="src/utils/validation.test.ts" name="Validation Utilities &gt; validateOptimizeOptions &gt; should return defaults for undefined options" time="0.0024742">
        </testcase>
        <testcase classname="src/utils/validation.test.ts" name="Validation Utilities &gt; validateOptimizeOptions &gt; should accept valid compression level" time="0.0007418">
        </testcase>
        <testcase classname="src/utils/validation.test.ts" name="Validation Utilities &gt; validateOptimizeOptions &gt; should reject invalid compression level" time="0.0010324">
        </testcase>
        <testcase classname="src/utils/validation.test.ts" name="Validation Utilities &gt; validateOptimizeOptions &gt; should accept valid decode level" time="0.001397">
        </testcase>
        <testcase classname="src/utils/validation.test.ts" name="Validation Utilities &gt; validateOptimizeOptions &gt; should reject invalid decode level" time="0.0006975">
        </testcase>
        <testcase classname="src/utils/validation.test.ts" name="Validation Utilities &gt; validateOptimizeOptions &gt; should accept valid object streams mode" time="0.0005499">
        </testcase>
        <testcase classname="src/utils/validation.test.ts" name="Validation Utilities &gt; validateOptimizeOptions &gt; should reject invalid object streams mode" time="0.0008381">
        </testcase>
        <testcase classname="src/utils/validation.test.ts" name="Validation Utilities &gt; validateOptimizeOptions &gt; should coerce boolean values" time="0.0005303">
        </testcase>
        <testcase classname="src/utils/validation.test.ts" name="Validation Utilities &gt; validateOptimizeOptions &gt; applies the web preset" time="0.000473">
        </testcase>
    </testsuite>
</testsuites>
